[20-Feb-2024 19:06:51 UTC] Зашел
array (
  'property_name' => 'Let\\\'s start with the basic information (with validation)',
  'price' => 'Let\\\'s start with the basic information (with validation)',
  'phone' => 'Let\\\'s start with the basic information (with validation)',
  'description' => 'Let\\\'s start with the basic information (with validation)
Let\\\'s start with the basic information (with validation)
Let\\\'s start with the basic information (with validation)
',
  'status' => '15',
  'bedrooms' => '5',
  'bathrooms' => '5',
  'area' => '5',
  'features' => 
  array (
    0 => '11',
    1 => '12',
    2 => '13',
    3 => '6',
    4 => '7',
    5 => '9',
    6 => '8',
    7 => '4',
  ),
  'video' => 'https://www.youtube.com/watch?v=tRijLaXxSwU',
)
[20-Feb-2024 19:42:30 UTC] ну пизда
[20-Feb-2024 19:42:54 UTC] PHP Warning:  Undefined variable $post_content in D:\Folder\Programing\PHP\Realestate\wp-content\themes\realestate\template\submit-property.php on line 20
[20-Feb-2024 19:42:54 UTC] WordPress database error Column 'post_content' cannot be null for query INSERT INTO `re_posts` (`post_author`, `post_date`, `post_date_gmt`, `post_content`, `post_content_filtered`, `post_title`, `post_excerpt`, `post_status`, `post_type`, `comment_status`, `ping_status`, `post_password`, `post_name`, `to_ping`, `pinged`, `post_modified`, `post_modified_gmt`, `post_parent`, `menu_order`, `post_mime_type`, `guid`) VALUES (1, '2024-02-20 19:42:54', '2024-02-20 19:42:54', NULL, '', 'Villa', '', 'publish', 'property', 'closed', 'closed', '', 'villa', '', '', '2024-02-20 19:42:54', '2024-02-20 19:42:54', 0, 0, '', '') made by require('wp-blog-header.php'), require_once('wp-includes/template-loader.php'), include('/themes/realestate/template/submit-property.php'), wp_insert_post
[21-Feb-2024 11:06:47 UTC] PHP Warning:  Undefined array key "avatar" in D:\Folder\Programing\PHP\Realestate\wp-content\themes\realestate\template\submit-property.php on line 82
[21-Feb-2024 11:08:44 UTC] PHP Warning:  Undefined array key "avatar" in D:\Folder\Programing\PHP\Realestate\wp-content\themes\realestate\template\submit-property.php on line 82
[21-Feb-2024 11:10:53 UTC] not set
[22-Feb-2024 08:47:54 UTC] PHP Warning:  Undefined array key "avatar" in D:\Folder\Programing\PHP\Realestate\wp-content\themes\realestate\template\user-profile.php on line 66
[22-Feb-2024 08:47:54 UTC] PHP Warning:  Trying to access array offset on value of type null in D:\Folder\Programing\PHP\Realestate\wp-content\themes\realestate\template\user-profile.php on line 66
[22-Feb-2024 08:49:06 UTC] PHP Warning:  Undefined array key "avatar" in D:\Folder\Programing\PHP\Realestate\wp-content\themes\realestate\template\user-profile.php on line 66
[22-Feb-2024 08:49:06 UTC] PHP Warning:  Trying to access array offset on value of type null in D:\Folder\Programing\PHP\Realestate\wp-content\themes\realestate\template\user-profile.php on line 66
[22-Feb-2024 08:54:22 UTC] PHP Warning:  Undefined variable $image_id in D:\Folder\Programing\PHP\Realestate\wp-content\themes\realestate\template\user-profile.php on line 29
[22-Feb-2024 08:57:16 UTC] set
[22-Feb-2024 09:08:17 UTC] PHP Fatal error:  Uncaught Error: Undefined constant "post_id" in D:\Folder\Programing\PHP\Realestate\wp-content\themes\realestate\single-property.php:103
Stack trace:
#0 D:\Folder\Programing\PHP\Realestate\wp-includes\template-loader.php(106): include()
#1 D:\Folder\Programing\PHP\Realestate\wp-blog-header.php(19): require_once('D:\\Folder\\Progr...')
#2 D:\Folder\Programing\PHP\Realestate\index.php(17): require('D:\\Folder\\Progr...')
#3 {main}
  thrown in D:\Folder\Programing\PHP\Realestate\wp-content\themes\realestate\single-property.php on line 103
[22-Feb-2024 09:08:23 UTC] PHP Fatal error:  Uncaught Error: Undefined constant "post_id" in D:\Folder\Programing\PHP\Realestate\wp-content\themes\realestate\single-property.php:103
Stack trace:
#0 D:\Folder\Programing\PHP\Realestate\wp-includes\template-loader.php(106): include()
#1 D:\Folder\Programing\PHP\Realestate\wp-blog-header.php(19): require_once('D:\\Folder\\Progr...')
#2 D:\Folder\Programing\PHP\Realestate\index.php(17): require('D:\\Folder\\Progr...')
#3 {main}
  thrown in D:\Folder\Programing\PHP\Realestate\wp-content\themes\realestate\single-property.php on line 103
[22-Feb-2024 23:43:09 UTC] PHP Warning:  Attempt to read property "user_email" on bool in D:\Folder\Programing\PHP\Realestate\wp-content\themes\realestate\single-property.php on line 153
[22-Feb-2024 23:43:37 UTC] PHP Warning:  Attempt to read property "user_email" on bool in D:\Folder\Programing\PHP\Realestate\wp-content\themes\realestate\single-property.php on line 153
[22-Feb-2024 23:46:06 UTC] PHP Warning:  Attempt to read property "user_email" on bool in D:\Folder\Programing\PHP\Realestate\wp-content\themes\realestate\single-property.php on line 153
[22-Feb-2024 23:51:56 UTC] PHP Warning:  Undefined variable $author_id in D:\Folder\Programing\PHP\Realestate\wp-content\themes\realestate\single-property.php on line 151
[22-Feb-2024 23:54:05 UTC] PHP Warning:  Trying to access array offset on value of type bool in D:\Folder\Programing\PHP\Realestate\wp-content\themes\realestate\single-property.php on line 57
[22-Feb-2024 23:54:05 UTC] PHP Warning:  Attempt to read property "name" on null in D:\Folder\Programing\PHP\Realestate\wp-content\themes\realestate\single-property.php on line 57
[22-Feb-2024 23:54:05 UTC] PHP Warning:  foreach() argument must be of type array|object, bool given in D:\Folder\Programing\PHP\Realestate\wp-content\themes\realestate\single-property.php on line 113
[22-Feb-2024 23:54:27 UTC] PHP Warning:  Trying to access array offset on value of type bool in D:\Folder\Programing\PHP\Realestate\wp-content\themes\realestate\single-property.php on line 57
[22-Feb-2024 23:54:27 UTC] PHP Warning:  Attempt to read property "name" on null in D:\Folder\Programing\PHP\Realestate\wp-content\themes\realestate\single-property.php on line 57
[22-Feb-2024 23:54:27 UTC] PHP Warning:  foreach() argument must be of type array|object, bool given in D:\Folder\Programing\PHP\Realestate\wp-content\themes\realestate\single-property.php on line 113
[23-Feb-2024 00:12:02 UTC] PHP Warning:  Attempt to read property "ID" on null in D:\Folder\Programing\PHP\Realestate\wp-includes\link-template.php on line 394
[23-Feb-2024 00:12:02 UTC] PHP Warning:  Attempt to read property "ID" on null in D:\Folder\Programing\PHP\Realestate\wp-includes\link-template.php on line 409
[23-Feb-2024 00:12:02 UTC] PHP Warning:  Attempt to read property "ID" on null in D:\Folder\Programing\PHP\Realestate\wp-includes\link-template.php on line 394
[23-Feb-2024 00:12:02 UTC] PHP Warning:  Attempt to read property "ID" on null in D:\Folder\Programing\PHP\Realestate\wp-includes\link-template.php on line 445
[23-Feb-2024 00:12:02 UTC] PHP Warning:  Attempt to read property "ID" on null in D:\Folder\Programing\PHP\Realestate\wp-includes\link-template.php on line 456
[23-Feb-2024 00:12:02 UTC] PHP Warning:  Attempt to read property "ID" on null in D:\Folder\Programing\PHP\Realestate\wp-includes\link-template.php on line 409
[23-Feb-2024 00:12:03 UTC] PHP Warning:  Attempt to read property "ID" on null in D:\Folder\Programing\PHP\Realestate\wp-includes\link-template.php on line 394
[23-Feb-2024 00:12:03 UTC] PHP Warning:  Attempt to read property "ID" on null in D:\Folder\Programing\PHP\Realestate\wp-includes\link-template.php on line 445
[23-Feb-2024 00:12:03 UTC] PHP Warning:  Attempt to read property "ID" on null in D:\Folder\Programing\PHP\Realestate\wp-includes\link-template.php on line 456
[23-Feb-2024 00:12:03 UTC] PHP Warning:  Attempt to read property "ID" on null in D:\Folder\Programing\PHP\Realestate\wp-includes\link-template.php on line 409
[23-Feb-2024 08:26:22 UTC] PHP Warning:  Undefined variable $the_query in D:\Folder\Programing\PHP\Realestate\wp-content\themes\realestate\template\user-profile.php on line 139
[23-Feb-2024 08:26:22 UTC] PHP Warning:  Attempt to read property "max_num_pages" on null in D:\Folder\Programing\PHP\Realestate\wp-content\themes\realestate\template\user-profile.php on line 139
[23-Feb-2024 08:36:21 UTC] PHP Warning:  Undefined variable $big in D:\Folder\Programing\PHP\Realestate\wp-content\themes\realestate\template\user-profile.php on line 146
[23-Feb-2024 08:36:21 UTC] PHP Warning:  Undefined variable $big in D:\Folder\Programing\PHP\Realestate\wp-content\themes\realestate\template\user-profile.php on line 146
[23-Feb-2024 09:15:49 UTC] 1
[23-Feb-2024 09:15:49 UTC] 1
[23-Feb-2024 09:16:05 UTC] PHP Fatal error:  Uncaught TypeError: error_log(): Argument #1 ($message) must be of type string, WP_Post given in D:\Folder\Programing\PHP\Realestate\wp-content\themes\realestate\template\user-profile.php:27
Stack trace:
#0 D:\Folder\Programing\PHP\Realestate\wp-content\themes\realestate\template\user-profile.php(27): error_log(Object(WP_Post))
#1 D:\Folder\Programing\PHP\Realestate\wp-includes\template-loader.php(106): include('D:\\Folder\\Progr...')
#2 D:\Folder\Programing\PHP\Realestate\wp-blog-header.php(19): require_once('D:\\Folder\\Progr...')
#3 D:\Folder\Programing\PHP\Realestate\index.php(17): require('D:\\Folder\\Progr...')
#4 {main}
  thrown in D:\Folder\Programing\PHP\Realestate\wp-content\themes\realestate\template\user-profile.php on line 27
[24-Feb-2024 09:47:56 UTC] PHP Fatal error:  Uncaught Error: Call to undefined function ver_dump() in D:\Folder\Programing\PHP\Realestate\wp-content\themes\realestate\archive-property.php:15
Stack trace:
#0 D:\Folder\Programing\PHP\Realestate\wp-includes\template-loader.php(106): include()
#1 D:\Folder\Programing\PHP\Realestate\wp-blog-header.php(19): require_once('D:\\Folder\\Progr...')
#2 D:\Folder\Programing\PHP\Realestate\index.php(17): require('D:\\Folder\\Progr...')
#3 {main}
  thrown in D:\Folder\Programing\PHP\Realestate\wp-content\themes\realestate\archive-property.php on line 15
[24-Feb-2024 09:48:12 UTC] PHP Fatal error:  Uncaught Error: Call to undefined function realestate\get_property_values() in D:\Folder\Programing\PHP\Realestate\wp-content\themes\realestate\archive-property.php:15
Stack trace:
#0 D:\Folder\Programing\PHP\Realestate\wp-includes\template-loader.php(106): include()
#1 D:\Folder\Programing\PHP\Realestate\wp-blog-header.php(19): require_once('D:\\Folder\\Progr...')
#2 D:\Folder\Programing\PHP\Realestate\index.php(17): require('D:\\Folder\\Progr...')
#3 {main}
  thrown in D:\Folder\Programing\PHP\Realestate\wp-content\themes\realestate\archive-property.php on line 15
[24-Feb-2024 09:48:14 UTC] PHP Fatal error:  Uncaught Error: Call to undefined function realestate\get_property_values() in D:\Folder\Programing\PHP\Realestate\wp-content\themes\realestate\archive-property.php:15
Stack trace:
#0 D:\Folder\Programing\PHP\Realestate\wp-includes\template-loader.php(106): include()
#1 D:\Folder\Programing\PHP\Realestate\wp-blog-header.php(19): require_once('D:\\Folder\\Progr...')
#2 D:\Folder\Programing\PHP\Realestate\index.php(17): require('D:\\Folder\\Progr...')
#3 {main}
  thrown in D:\Folder\Programing\PHP\Realestate\wp-content\themes\realestate\archive-property.php on line 15
[24-Feb-2024 09:48:32 UTC] PHP Fatal error:  Uncaught Error: Call to undefined function realestate\get_property_values() in D:\Folder\Programing\PHP\Realestate\wp-content\themes\realestate\archive-property.php:15
Stack trace:
#0 D:\Folder\Programing\PHP\Realestate\wp-includes\template-loader.php(106): include()
#1 D:\Folder\Programing\PHP\Realestate\wp-blog-header.php(19): require_once('D:\\Folder\\Progr...')
#2 D:\Folder\Programing\PHP\Realestate\index.php(17): require('D:\\Folder\\Progr...')
#3 {main}
  thrown in D:\Folder\Programing\PHP\Realestate\wp-content\themes\realestate\archive-property.php on line 15
[24-Feb-2024 09:48:41 UTC] PHP Fatal error:  Uncaught Error: Call to undefined function realestate\get_property_values() in D:\Folder\Programing\PHP\Realestate\wp-content\themes\realestate\archive-property.php:15
Stack trace:
#0 D:\Folder\Programing\PHP\Realestate\wp-includes\template-loader.php(106): include()
#1 D:\Folder\Programing\PHP\Realestate\wp-blog-header.php(19): require_once('D:\\Folder\\Progr...')
#2 D:\Folder\Programing\PHP\Realestate\index.php(17): require('D:\\Folder\\Progr...')
#3 {main}
  thrown in D:\Folder\Programing\PHP\Realestate\wp-content\themes\realestate\archive-property.php on line 15
[24-Feb-2024 09:48:54 UTC] PHP Fatal error:  Uncaught Error: Call to undefined function realestate\get_property_values() in D:\Folder\Programing\PHP\Realestate\wp-content\themes\realestate\archive-property.php:15
Stack trace:
#0 D:\Folder\Programing\PHP\Realestate\wp-includes\template-loader.php(106): include()
#1 D:\Folder\Programing\PHP\Realestate\wp-blog-header.php(19): require_once('D:\\Folder\\Progr...')
#2 D:\Folder\Programing\PHP\Realestate\index.php(17): require('D:\\Folder\\Progr...')
#3 {main}
  thrown in D:\Folder\Programing\PHP\Realestate\wp-content\themes\realestate\archive-property.php on line 15
[24-Feb-2024 23:27:36 UTC] PHP Warning:  Undefined array key "price" in D:\Folder\Programing\PHP\Realestate\wp-content\themes\realestate\archive-property.php on line 11
[24-Feb-2024 23:27:36 UTC] PHP Warning:  Undefined array key 0 in D:\Folder\Programing\PHP\Realestate\wp-content\themes\realestate\archive-property.php on line 15
[24-Feb-2024 23:27:36 UTC] PHP Warning:  Undefined array key 1 in D:\Folder\Programing\PHP\Realestate\wp-content\themes\realestate\archive-property.php on line 16
[24-Feb-2024 23:27:36 UTC] PHP Warning:  Undefined array key "area" in D:\Folder\Programing\PHP\Realestate\wp-content\themes\realestate\archive-property.php on line 11
[24-Feb-2024 23:27:36 UTC] PHP Warning:  Undefined array key 0 in D:\Folder\Programing\PHP\Realestate\wp-content\themes\realestate\archive-property.php on line 15
[24-Feb-2024 23:27:36 UTC] PHP Warning:  Undefined array key 1 in D:\Folder\Programing\PHP\Realestate\wp-content\themes\realestate\archive-property.php on line 16
[24-Feb-2024 23:27:36 UTC] PHP Warning:  Undefined array key "bedrooms" in D:\Folder\Programing\PHP\Realestate\wp-content\themes\realestate\archive-property.php on line 11
[24-Feb-2024 23:27:36 UTC] PHP Warning:  Undefined array key 0 in D:\Folder\Programing\PHP\Realestate\wp-content\themes\realestate\archive-property.php on line 15
[24-Feb-2024 23:27:36 UTC] PHP Warning:  Undefined array key 1 in D:\Folder\Programing\PHP\Realestate\wp-content\themes\realestate\archive-property.php on line 16
[24-Feb-2024 23:27:36 UTC] PHP Warning:  Undefined array key "bathrooms" in D:\Folder\Programing\PHP\Realestate\wp-content\themes\realestate\archive-property.php on line 11
[24-Feb-2024 23:27:36 UTC] PHP Warning:  Undefined array key 0 in D:\Folder\Programing\PHP\Realestate\wp-content\themes\realestate\archive-property.php on line 15
[24-Feb-2024 23:27:36 UTC] PHP Warning:  Undefined array key 1 in D:\Folder\Programing\PHP\Realestate\wp-content\themes\realestate\archive-property.php on line 16
[24-Feb-2024 23:36:51 UTC] PHP Warning:  Undefined variable $query in D:\Folder\Programing\PHP\Realestate\wp-content\themes\realestate\archive-property.php on line 193
[24-Feb-2024 23:36:51 UTC] PHP Warning:  Attempt to read property "max_num_pages" on null in D:\Folder\Programing\PHP\Realestate\wp-content\themes\realestate\archive-property.php on line 193
[24-Feb-2024 23:37:49 UTC] PHP Warning:  Undefined array key 0 in D:\Folder\Programing\PHP\Realestate\wp-includes\class-wp-meta-query.php on line 750
[24-Feb-2024 23:37:49 UTC] PHP Warning:  Undefined array key 1 in D:\Folder\Programing\PHP\Realestate\wp-includes\class-wp-meta-query.php on line 750
[24-Feb-2024 23:38:33 UTC] PHP Warning:  Undefined array key 0 in D:\Folder\Programing\PHP\Realestate\wp-includes\class-wp-meta-query.php on line 750
[24-Feb-2024 23:38:33 UTC] PHP Warning:  Undefined array key 1 in D:\Folder\Programing\PHP\Realestate\wp-includes\class-wp-meta-query.php on line 750
[24-Feb-2024 23:38:33 UTC] PHP Warning:  Undefined array key 0 in D:\Folder\Programing\PHP\Realestate\wp-includes\class-wp-meta-query.php on line 750
[24-Feb-2024 23:38:33 UTC] PHP Warning:  Undefined array key 1 in D:\Folder\Programing\PHP\Realestate\wp-includes\class-wp-meta-query.php on line 750
[25-Feb-2024 13:33:39 UTC] PHP Warning:  Undefined variable $property_values in D:\Folder\Programing\PHP\Realestate\wp-content\themes\realestate\template\homepage.php on line 47
[25-Feb-2024 13:33:39 UTC] PHP Warning:  Trying to access array offset on value of type null in D:\Folder\Programing\PHP\Realestate\wp-content\themes\realestate\functions\page-builders.php on line 63
[25-Feb-2024 13:33:39 UTC] PHP Warning:  Trying to access array offset on value of type null in D:\Folder\Programing\PHP\Realestate\wp-content\themes\realestate\functions\page-builders.php on line 63
[25-Feb-2024 13:33:39 UTC] PHP Warning:  Trying to access array offset on value of type null in D:\Folder\Programing\PHP\Realestate\wp-content\themes\realestate\functions\page-builders.php on line 63
[25-Feb-2024 13:33:39 UTC] PHP Warning:  Trying to access array offset on value of type null in D:\Folder\Programing\PHP\Realestate\wp-content\themes\realestate\functions\page-builders.php on line 63
[25-Feb-2024 13:33:39 UTC] PHP Warning:  Trying to access array offset on value of type null in D:\Folder\Programing\PHP\Realestate\wp-content\themes\realestate\functions\page-builders.php on line 67
[25-Feb-2024 13:33:39 UTC] PHP Warning:  Trying to access array offset on value of type null in D:\Folder\Programing\PHP\Realestate\wp-content\themes\realestate\functions\page-builders.php on line 67
[25-Feb-2024 13:33:39 UTC] PHP Warning:  Trying to access array offset on value of type null in D:\Folder\Programing\PHP\Realestate\wp-content\themes\realestate\functions\page-builders.php on line 67
[25-Feb-2024 13:33:39 UTC] PHP Warning:  Trying to access array offset on value of type null in D:\Folder\Programing\PHP\Realestate\wp-content\themes\realestate\functions\page-builders.php on line 67
[25-Feb-2024 13:33:39 UTC] PHP Warning:  Trying to access array offset on value of type null in D:\Folder\Programing\PHP\Realestate\wp-content\themes\realestate\functions\page-builders.php on line 69
[25-Feb-2024 13:33:39 UTC] PHP Warning:  Trying to access array offset on value of type null in D:\Folder\Programing\PHP\Realestate\wp-content\themes\realestate\functions\page-builders.php on line 69
[25-Feb-2024 13:33:39 UTC] PHP Warning:  Trying to access array offset on value of type null in D:\Folder\Programing\PHP\Realestate\wp-content\themes\realestate\functions\page-builders.php on line 70
[25-Feb-2024 13:33:39 UTC] PHP Warning:  Trying to access array offset on value of type null in D:\Folder\Programing\PHP\Realestate\wp-content\themes\realestate\functions\page-builders.php on line 70
[25-Feb-2024 13:33:39 UTC] PHP Warning:  Undefined variable $property_values in D:\Folder\Programing\PHP\Realestate\wp-content\themes\realestate\template\homepage.php on line 52
[25-Feb-2024 13:33:39 UTC] PHP Warning:  Trying to access array offset on value of type null in D:\Folder\Programing\PHP\Realestate\wp-content\themes\realestate\functions\page-builders.php on line 63
[25-Feb-2024 13:33:39 UTC] PHP Warning:  Trying to access array offset on value of type null in D:\Folder\Programing\PHP\Realestate\wp-content\themes\realestate\functions\page-builders.php on line 63
[25-Feb-2024 13:33:39 UTC] PHP Warning:  Trying to access array offset on value of type null in D:\Folder\Programing\PHP\Realestate\wp-content\themes\realestate\functions\page-builders.php on line 63
[25-Feb-2024 13:33:39 UTC] PHP Warning:  Trying to access array offset on value of type null in D:\Folder\Programing\PHP\Realestate\wp-content\themes\realestate\functions\page-builders.php on line 63
[25-Feb-2024 13:33:39 UTC] PHP Warning:  Trying to access array offset on value of type null in D:\Folder\Programing\PHP\Realestate\wp-content\themes\realestate\functions\page-builders.php on line 67
[25-Feb-2024 13:33:39 UTC] PHP Warning:  Trying to access array offset on value of type null in D:\Folder\Programing\PHP\Realestate\wp-content\themes\realestate\functions\page-builders.php on line 67
[25-Feb-2024 13:33:39 UTC] PHP Warning:  Trying to access array offset on value of type null in D:\Folder\Programing\PHP\Realestate\wp-content\themes\realestate\functions\page-builders.php on line 67
[25-Feb-2024 13:33:39 UTC] PHP Warning:  Trying to access array offset on value of type null in D:\Folder\Programing\PHP\Realestate\wp-content\themes\realestate\functions\page-builders.php on line 67
[25-Feb-2024 13:33:39 UTC] PHP Warning:  Trying to access array offset on value of type null in D:\Folder\Programing\PHP\Realestate\wp-content\themes\realestate\functions\page-builders.php on line 69
[25-Feb-2024 13:33:39 UTC] PHP Warning:  Trying to access array offset on value of type null in D:\Folder\Programing\PHP\Realestate\wp-content\themes\realestate\functions\page-builders.php on line 69
[25-Feb-2024 13:33:39 UTC] PHP Warning:  Trying to access array offset on value of type null in D:\Folder\Programing\PHP\Realestate\wp-content\themes\realestate\functions\page-builders.php on line 70
[25-Feb-2024 13:33:39 UTC] PHP Warning:  Trying to access array offset on value of type null in D:\Folder\Programing\PHP\Realestate\wp-content\themes\realestate\functions\page-builders.php on line 70
[25-Feb-2024 13:33:39 UTC] PHP Warning:  Undefined variable $property_values in D:\Folder\Programing\PHP\Realestate\wp-content\themes\realestate\template\homepage.php on line 60
[25-Feb-2024 13:33:39 UTC] PHP Warning:  Trying to access array offset on value of type null in D:\Folder\Programing\PHP\Realestate\wp-content\themes\realestate\functions\page-builders.php on line 63
[25-Feb-2024 13:33:39 UTC] PHP Warning:  Trying to access array offset on value of type null in D:\Folder\Programing\PHP\Realestate\wp-content\themes\realestate\functions\page-builders.php on line 63
[25-Feb-2024 13:33:39 UTC] PHP Warning:  Trying to access array offset on value of type null in D:\Folder\Programing\PHP\Realestate\wp-content\themes\realestate\functions\page-builders.php on line 63
[25-Feb-2024 13:33:39 UTC] PHP Warning:  Trying to access array offset on value of type null in D:\Folder\Programing\PHP\Realestate\wp-content\themes\realestate\functions\page-builders.php on line 63
[25-Feb-2024 13:33:39 UTC] PHP Warning:  Trying to access array offset on value of type null in D:\Folder\Programing\PHP\Realestate\wp-content\themes\realestate\functions\page-builders.php on line 67
[25-Feb-2024 13:33:39 UTC] PHP Warning:  Trying to access array offset on value of type null in D:\Folder\Programing\PHP\Realestate\wp-content\themes\realestate\functions\page-builders.php on line 67
[25-Feb-2024 13:33:39 UTC] PHP Warning:  Trying to access array offset on value of type null in D:\Folder\Programing\PHP\Realestate\wp-content\themes\realestate\functions\page-builders.php on line 67
[25-Feb-2024 13:33:39 UTC] PHP Warning:  Trying to access array offset on value of type null in D:\Folder\Programing\PHP\Realestate\wp-content\themes\realestate\functions\page-builders.php on line 67
[25-Feb-2024 13:33:39 UTC] PHP Warning:  Trying to access array offset on value of type null in D:\Folder\Programing\PHP\Realestate\wp-content\themes\realestate\functions\page-builders.php on line 69
[25-Feb-2024 13:33:39 UTC] PHP Warning:  Trying to access array offset on value of type null in D:\Folder\Programing\PHP\Realestate\wp-content\themes\realestate\functions\page-builders.php on line 69
[25-Feb-2024 13:33:39 UTC] PHP Warning:  Trying to access array offset on value of type null in D:\Folder\Programing\PHP\Realestate\wp-content\themes\realestate\functions\page-builders.php on line 70
[25-Feb-2024 13:33:39 UTC] PHP Warning:  Trying to access array offset on value of type null in D:\Folder\Programing\PHP\Realestate\wp-content\themes\realestate\functions\page-builders.php on line 70
[25-Feb-2024 13:33:39 UTC] PHP Warning:  Undefined variable $property_values in D:\Folder\Programing\PHP\Realestate\wp-content\themes\realestate\template\homepage.php on line 65
[25-Feb-2024 13:33:39 UTC] PHP Warning:  Trying to access array offset on value of type null in D:\Folder\Programing\PHP\Realestate\wp-content\themes\realestate\functions\page-builders.php on line 63
[25-Feb-2024 13:33:39 UTC] PHP Warning:  Trying to access array offset on value of type null in D:\Folder\Programing\PHP\Realestate\wp-content\themes\realestate\functions\page-builders.php on line 63
[25-Feb-2024 13:33:39 UTC] PHP Warning:  Trying to access array offset on value of type null in D:\Folder\Programing\PHP\Realestate\wp-content\themes\realestate\functions\page-builders.php on line 63
[25-Feb-2024 13:33:39 UTC] PHP Warning:  Trying to access array offset on value of type null in D:\Folder\Programing\PHP\Realestate\wp-content\themes\realestate\functions\page-builders.php on line 63
[25-Feb-2024 13:33:39 UTC] PHP Warning:  Trying to access array offset on value of type null in D:\Folder\Programing\PHP\Realestate\wp-content\themes\realestate\functions\page-builders.php on line 67
[25-Feb-2024 13:33:39 UTC] PHP Warning:  Trying to access array offset on value of type null in D:\Folder\Programing\PHP\Realestate\wp-content\themes\realestate\functions\page-builders.php on line 67
[25-Feb-2024 13:33:39 UTC] PHP Warning:  Trying to access array offset on value of type null in D:\Folder\Programing\PHP\Realestate\wp-content\themes\realestate\functions\page-builders.php on line 67
[25-Feb-2024 13:33:39 UTC] PHP Warning:  Trying to access array offset on value of type null in D:\Folder\Programing\PHP\Realestate\wp-content\themes\realestate\functions\page-builders.php on line 67
[25-Feb-2024 13:33:39 UTC] PHP Warning:  Trying to access array offset on value of type null in D:\Folder\Programing\PHP\Realestate\wp-content\themes\realestate\functions\page-builders.php on line 69
[25-Feb-2024 13:33:39 UTC] PHP Warning:  Trying to access array offset on value of type null in D:\Folder\Programing\PHP\Realestate\wp-content\themes\realestate\functions\page-builders.php on line 69
[25-Feb-2024 13:33:39 UTC] PHP Warning:  Trying to access array offset on value of type null in D:\Folder\Programing\PHP\Realestate\wp-content\themes\realestate\functions\page-builders.php on line 70
[25-Feb-2024 13:33:39 UTC] PHP Warning:  Trying to access array offset on value of type null in D:\Folder\Programing\PHP\Realestate\wp-content\themes\realestate\functions\page-builders.php on line 70
[25-Feb-2024 13:44:44 UTC] PHP Fatal error:  Uncaught TypeError: in_array(): Argument #2 ($haystack) must be of type array, string given in D:\Folder\Programing\PHP\Realestate\wp-content\themes\realestate\functions\page-builders.php:43
Stack trace:
#0 D:\Folder\Programing\PHP\Realestate\wp-content\themes\realestate\functions\page-builders.php(43): in_array(17, '17')
#1 D:\Folder\Programing\PHP\Realestate\wp-content\themes\realestate\functions\page-builders.php(27): realestate\term_as_option(Object(WP_Term))
#2 D:\Folder\Programing\PHP\Realestate\wp-content\themes\realestate\archive-property.php(65): realestate\foreach_taxonomy_terms('cities', 'realestate\\term...')
#3 D:\Folder\Programing\PHP\Realestate\wp-includes\template-loader.php(106): include('D:\\Folder\\Progr...')
#4 D:\Folder\Programing\PHP\Realestate\wp-blog-header.php(19): require_once('D:\\Folder\\Progr...')
#5 D:\Folder\Programing\PHP\Realestate\index.php(17): require('D:\\Folder\\Progr...')
#6 {main}
  thrown in D:\Folder\Programing\PHP\Realestate\wp-content\themes\realestate\functions\page-builders.php on line 43
